<?xml version="1.0" encoding="utf-8"?>
<TestRun id="93dcf2bf-61fd-4b5d-b6d4-c2fe455ba2d9" name="성우@IAN 2025-10-08 16:03:19" runUser="ian\성우" xmlns="http://microsoft.com/schemas/VisualStudio/TeamTest/2010">
  <Times creation="2025-10-08T16:03:19.1047363+09:00" queuing="2025-10-08T16:03:19.1047370+09:00" start="2025-10-08T16:03:18.2911435+09:00" finish="2025-10-08T16:03:19.1056637+09:00" />
  <TestSettings name="default" id="173e5937-15fc-4f06-93d5-97f8fdf2f9b9">
    <Deployment runDeploymentRoot="성우_IAN_2025-10-08_16_03_19" />
  </TestSettings>
  <TestLists>
    <TestList name="목록에 없는 결과" id="8c84fa94-04c1-424b-9868-57a2d4851a1d" />
    <TestList name="로드된 모든 결과" id="19431567-8539-422a-85d7-44ee4e166bda" />
  </TestLists>
  <ResultSummary outcome="Completed">
    <Counters total="0" executed="0" passed="0" failed="0" error="0" timeout="0" aborted="0" inconclusive="0" passedButRunAborted="0" notRunnable="0" notExecuted="0" disconnected="0" warning="0" completed="0" inProgress="0" pending="0" />
    <Output>
      <StdOut>[xUnit.net 00:00:00.00] xUnit.net VSTest Adapter v2.8.2+699d445a1a (64-bit .NET 9.0.9)&#xD;
[xUnit.net 00:00:00.09]   Discovering: AndroidAdbAnalyze.Analysis.Tests&#xD;
[xUnit.net 00:00:00.16]   Discovered:  AndroidAdbAnalyze.Analysis.Tests&#xD;
[xUnit.net 00:00:00.18]   Starting:    AndroidAdbAnalyze.Analysis.Tests&#xD;
[xUnit.net 00:00:00.20]   Finished:    AndroidAdbAnalyze.Analysis.Tests&#xD;
</StdOut>
    </Output>
    <RunInfos>
      <RunInfo computerName="IAN" outcome="Warning" timestamp="2025-10-08T16:03:18.9930052+09:00">
        <Text>C:\dev\001_csharp\005_android_adb_analyze_module\AndroidAdbAnalyzeModule\AndroidAdbAnalyze.Analysis.Tests\bin\Debug\net9.0\AndroidAdbAnalyze.Analysis.Tests.dll에 지정된 테스트 사례 필터 `FullyQualified

Name~Sample5`과(와) 일치하는 테스트가 없습니다.</Text>
      </RunInfo>
    </RunInfos>
  </ResultSummary>
</TestRun>